c:\dl\wristvisualizer\coin3d-simvoleon\build\msvc9\staticrelease\volumeviz\caches\simvoleon2.pdb
c:\dl\wristvisualizer\coin3d-simvoleon\build\msvc9\staticrelease\volumeviz\caches\gltexturecache.obj
c:\dl\wristvisualizer\coin3d-simvoleon\build\msvc9\staticrelease\coin\gl\simvoleon2.pdb
c:\dl\wristvisualizer\coin3d-simvoleon\build\msvc9\staticrelease\coin\gl\coinglperformance.obj
c:\dl\wristvisualizer\coin3d-simvoleon\build\msvc9\staticrelease\volumeviz\details\simvoleon2.pdb
c:\dl\wristvisualizer\coin3d-simvoleon\build\msvc9\staticrelease\volumeviz\details\volumeskindetail.obj
c:\dl\wristvisualizer\coin3d-simvoleon\build\msvc9\staticrelease\volumeviz\details\volumerenderdetail.obj
c:\dl\wristvisualizer\coin3d-simvoleon\build\msvc9\staticrelease\volumeviz\details\volumedetail.obj
c:\dl\wristvisualizer\coin3d-simvoleon\build\msvc9\staticrelease\volumeviz\details\orthoslicedetail.obj
c:\dl\wristvisualizer\coin3d-simvoleon\build\msvc9\staticrelease\volumeviz\details\obliqueslicedetail.obj
c:\dl\wristvisualizer\coin3d-simvoleon\build\msvc9\staticrelease\volumeviz\simvoleon2.pdb
c:\dl\wristvisualizer\coin3d-simvoleon\build\msvc9\staticrelease\volumeviz\dummy.obj
c:\dl\wristvisualizer\coin3d-simvoleon\build\msvc9\staticrelease\volumeviz\elements\simvoleon2.pdb
c:\dl\wristvisualizer\coin3d-simvoleon\build\msvc9\staticrelease\volumeviz\elements\voxelblockelement.obj
c:\dl\wristvisualizer\coin3d-simvoleon\build\msvc9\staticrelease\volumeviz\elements\transferfunctionelement.obj
c:\dl\wristvisualizer\coin3d-simvoleon\build\msvc9\staticrelease\volumeviz\elements\storagehintelement.obj
c:\dl\wristvisualizer\coin3d-simvoleon\build\msvc9\staticrelease\volumeviz\elements\palettedtextureselement.obj
c:\dl\wristvisualizer\coin3d-simvoleon\build\msvc9\staticrelease\volumeviz\elements\pagesizeelement.obj
c:\dl\wristvisualizer\coin3d-simvoleon\build\msvc9\staticrelease\volumeviz\elements\lightingelement.obj
c:\dl\wristvisualizer\coin3d-simvoleon\build\msvc9\staticrelease\volumeviz\elements\glinterpolationelement.obj
c:\dl\wristvisualizer\coin3d-simvoleon\build\msvc9\staticrelease\volumeviz\elements\compressedtextureselement.obj
c:\dl\wristvisualizer\coin3d-simvoleon\build\msvc9\staticrelease\volumeviz\misc\simvoleon2.pdb
c:\dl\wristvisualizer\coin3d-simvoleon\build\msvc9\staticrelease\volumeviz\misc\voxelchunk.obj
c:\dl\wristvisualizer\coin3d-simvoleon\build\msvc9\staticrelease\volumeviz\misc\util.obj
c:\dl\wristvisualizer\coin3d-simvoleon\build\msvc9\staticrelease\volumeviz\misc\resourcemanager.obj
c:\dl\wristvisualizer\coin3d-simvoleon\build\msvc9\staticrelease\volumeviz\misc\gradient.obj
c:\dl\wristvisualizer\coin3d-simvoleon\build\msvc9\staticrelease\volumeviz\misc\globalrenderlock.obj
c:\dl\wristvisualizer\coin3d-simvoleon\build\msvc9\staticrelease\volumeviz\misc\gimpgradient.obj
c:\dl\wristvisualizer\coin3d-simvoleon\build\msvc9\staticrelease\volumeviz\misc\clut.obj
c:\dl\wristvisualizer\coin3d-simvoleon\build\msvc9\staticrelease\volumeviz\misc\centraldifferencegradient.obj
c:\dl\wristvisualizer\coin3d-simvoleon\build\msvc9\staticrelease\volumeviz\nodes\simvoleon2.pdb
c:\dl\wristvisualizer\coin3d-simvoleon\build\msvc9\staticrelease\volumeviz\nodes\volumetrianglestripset.obj
c:\dl\wristvisualizer\coin3d-simvoleon\build\msvc9\staticrelease\volumeviz\nodes\volumeskin.obj
c:\dl\wristvisualizer\coin3d-simvoleon\build\msvc9\staticrelease\volumeviz\nodes\volumerendering.obj
c:\dl\wristvisualizer\coin3d-simvoleon\build\msvc9\staticrelease\volumeviz\nodes\volumerender.obj
c:\dl\wristvisualizer\coin3d-simvoleon\build\msvc9\staticrelease\volumeviz\nodes\volumeraypickintersection.obj
c:\dl\wristvisualizer\coin3d-simvoleon\build\msvc9\staticrelease\volumeviz\nodes\volumeindexedtrianglestripset.obj
c:\dl\wristvisualizer\coin3d-simvoleon\build\msvc9\staticrelease\volumeviz\nodes\volumeindexedfaceset.obj
c:\dl\wristvisualizer\coin3d-simvoleon\build\msvc9\staticrelease\volumeviz\nodes\volumefaceset.obj
c:\dl\wristvisualizer\coin3d-simvoleon\build\msvc9\staticrelease\volumeviz\nodes\volumedata.obj
c:\dl\wristvisualizer\coin3d-simvoleon\build\msvc9\staticrelease\volumeviz\nodes\transferfunction.obj
c:\dl\wristvisualizer\coin3d-simvoleon\build\msvc9\staticrelease\volumeviz\nodes\orthoslice.obj
c:\dl\wristvisualizer\coin3d-simvoleon\build\msvc9\staticrelease\volumeviz\nodes\obliqueslice.obj
c:\dl\wristvisualizer\coin3d-simvoleon\build\msvc9\staticrelease\volumeviz\nodes\cvrtrianglestripsetrenderp.obj
c:\dl\wristvisualizer\coin3d-simvoleon\build\msvc9\staticrelease\volumeviz\nodes\cvrnonindexedsetrenderbasep.obj
c:\dl\wristvisualizer\coin3d-simvoleon\build\msvc9\staticrelease\volumeviz\nodes\cvrindexedtrianglestripsetrenderp.obj
c:\dl\wristvisualizer\coin3d-simvoleon\build\msvc9\staticrelease\volumeviz\nodes\cvrindexedsetrenderbasep.obj
c:\dl\wristvisualizer\coin3d-simvoleon\build\msvc9\staticrelease\volumeviz\nodes\cvrindexedfacesetrenderp.obj
c:\dl\wristvisualizer\coin3d-simvoleon\build\msvc9\staticrelease\volumeviz\nodes\cvrfacesetrenderp.obj
c:\dl\wristvisualizer\coin3d-simvoleon\build\msvc9\staticrelease\volumeviz\readers\simvoleon2.pdb
c:\dl\wristvisualizer\coin3d-simvoleon\build\msvc9\staticrelease\volumeviz\readers\vrvolfilereader.obj
c:\dl\wristvisualizer\coin3d-simvoleon\build\msvc9\staticrelease\volumeviz\readers\vrmemreader.obj
c:\dl\wristvisualizer\coin3d-simvoleon\build\msvc9\staticrelease\volumeviz\readers\volumereader.obj
c:\dl\wristvisualizer\coin3d-simvoleon\build\msvc9\staticrelease\render\2d\simvoleon2.pdb
c:\dl\wristvisualizer\coin3d-simvoleon\build\msvc9\staticrelease\render\2d\pagehandler.obj
c:\dl\wristvisualizer\coin3d-simvoleon\build\msvc9\staticrelease\render\2d\2dtexsubpage.obj
c:\dl\wristvisualizer\coin3d-simvoleon\build\msvc9\staticrelease\render\2d\2dtexpage.obj
c:\dl\wristvisualizer\coin3d-simvoleon\build\msvc9\staticrelease\render\3d\simvoleon2.pdb
c:\dl\wristvisualizer\coin3d-simvoleon\build\msvc9\staticrelease\render\3d\cubehandler.obj
c:\dl\wristvisualizer\coin3d-simvoleon\build\msvc9\staticrelease\render\3d\3dtexsubcube.obj
c:\dl\wristvisualizer\coin3d-simvoleon\build\msvc9\staticrelease\render\3d\3dtexcube.obj
c:\dl\wristvisualizer\coin3d-simvoleon\build\msvc9\staticrelease\render\common\simvoleon2.pdb
c:\dl\wristvisualizer\coin3d-simvoleon\build\msvc9\staticrelease\render\common\cvrtextureobject.obj
c:\dl\wristvisualizer\coin3d-simvoleon\build\msvc9\staticrelease\render\common\cvrrgbatexture.obj
c:\dl\wristvisualizer\coin3d-simvoleon\build\msvc9\staticrelease\render\common\cvrpalettetexture.obj
c:\dl\wristvisualizer\coin3d-simvoleon\build\msvc9\staticrelease\render\common\cvr3drgbatexture.obj
c:\dl\wristvisualizer\coin3d-simvoleon\build\msvc9\staticrelease\render\common\cvr3dpalettetexture.obj
c:\dl\wristvisualizer\coin3d-simvoleon\build\msvc9\staticrelease\render\common\cvr3dpalettegradienttexture.obj
c:\dl\wristvisualizer\coin3d-simvoleon\build\msvc9\staticrelease\render\common\cvr2drgbatexture.obj
c:\dl\wristvisualizer\coin3d-simvoleon\build\msvc9\staticrelease\render\common\cvr2dpalettetexture.obj
c:\dl\wristvisualizer\coin3d-simvoleon\build\msvc9\staticrelease\render\pointset\simvoleon2.pdb
c:\dl\wristvisualizer\coin3d-simvoleon\build\msvc9\staticrelease\render\pointset\pointrendering.obj
c:\dl\wristvisualizer\coin3d-simvoleon\build\msvc9\x64\release\simvoleon2.lib
c:\dl\wristvisualizer\coin3d-simvoleon\build\msvc9\x64\release\simvoleon2.tlog\cl.command.1.tlog
c:\dl\wristvisualizer\coin3d-simvoleon\build\msvc9\x64\release\simvoleon2.tlog\cl.read.1.tlog
c:\dl\wristvisualizer\coin3d-simvoleon\build\msvc9\x64\release\simvoleon2.tlog\cl.write.1.tlog
c:\dl\wristvisualizer\coin3d-simvoleon\build\msvc9\x64\release\simvoleon2.tlog\lib-link.read.1.tlog
c:\dl\wristvisualizer\coin3d-simvoleon\build\msvc9\x64\release\simvoleon2.tlog\lib-link.write.1.tlog
c:\dl\wristvisualizer\coin3d-simvoleon\build\msvc9\x64\release\simvoleon2.tlog\lib.command.1.tlog
