  GLTextureCache.cpp
  CoinGLPerformance.cpp
  ObliqueSliceDetail.cpp
  OrthoSliceDetail.cpp
  VolumeDetail.cpp
C:\dl\WristVisualizer\Coin3D-simvoleon\lib\VolumeViz\details\VolumeDetail.cpp(423,20): warning C4838: conversion from 'short' to 'const unsigned int' requires a narrowing conversion
C:\dl\WristVisualizer\Coin3D-simvoleon\lib\VolumeViz\details\VolumeDetail.cpp(423,38): warning C4838: conversion from 'short' to 'const unsigned int' requires a narrowing conversion
  VolumeRenderDetail.cpp
  VolumeSkinDetail.cpp
  Generating Code...
C:\dl\WristVisualizer\Coin3D-simvoleon\lib\VolumeViz\details\VolumeDetail.cpp(423,57): warning C4838: conversion from 'short' to 'const unsigned int' requires a narrowing conversion
  dummy.cpp
  CompressedTexturesElement.cpp
  GLInterpolationElement.cpp
  LightingElement.cpp
  PageSizeElement.cpp
  PalettedTexturesElement.cpp
  StorageHintElement.cpp
  TransferFunctionElement.cpp
  VoxelBlockElement.cpp
C:\dl\WristVisualizer\Coin3D-simvoleon\lib\VolumeViz\elements\VoxelBlockElement.cpp(293,26): warning C4838: conversion from 'const short' to 'const unsigned int' requires a narrowing conversion
C:\dl\WristVisualizer\Coin3D-simvoleon\lib\VolumeViz\elements\VoxelBlockElement.cpp(293,50): warning C4838: conversion from 'const short' to 'const unsigned int' requires a narrowing conversion
  Generating Code...
C:\dl\WristVisualizer\Coin3D-simvoleon\lib\VolumeViz\elements\VoxelBlockElement.cpp(293,75): warning C4838: conversion from 'const short' to 'const unsigned int' requires a narrowing conversion
  CentralDifferenceGradient.cpp
  CLUT.cpp
  GIMPGradient.cpp
C:\dl\WristVisualizer\Coin3D-simvoleon\lib\VolumeViz\misc\GIMPGradient.cpp(52,33): warning C4267: 'initializing': conversion from 'size_t' to 'int', possible loss of data
C:\dl\WristVisualizer\Coin3D-simvoleon\lib\VolumeViz\misc\GIMPGradient.cpp(52,33): warning C4267: 'initializing': conversion from 'size_t' to 'const int', possible loss of data
C:\dl\WristVisualizer\Coin3D-simvoleon\lib\VolumeViz\misc\GIMPGradient.cpp(54,39): warning C4267: 'initializing': conversion from 'size_t' to 'int', possible loss of data
  GlobalRenderLock.cpp
  Gradient.cpp
  ResourceManager.cpp
C:\dl\WristVisualizer\Coin3D-simvoleon\lib\VolumeViz\misc\GIMPGradient.cpp(54,39): warning C4267: 'initializing': conversion from 'size_t' to 'const int', possible loss of data
C:\dl\WristVisualizer\Coin3D-simvoleon\lib\VolumeViz\misc\ResourceManager.cpp(79,62): warning C4311: 'type cast': pointer truncation from 'const void *' to 'unsigned long'
C:\dl\WristVisualizer\Coin3D-simvoleon\lib\VolumeViz\misc\ResourceManager.cpp(79,62): warning C4302: 'type cast': truncation from 'const void *' to 'unsigned long'
C:\dl\WristVisualizer\Coin3D-simvoleon\lib\VolumeViz\misc\ResourceManager.cpp(92,62): warning C4311: 'type cast': pointer truncation from 'const void *' to 'unsigned long'
C:\dl\WristVisualizer\Coin3D-simvoleon\lib\VolumeViz\misc\ResourceManager.cpp(92,62): warning C4302: 'type cast': truncation from 'const void *' to 'unsigned long'
C:\dl\WristVisualizer\Coin3D-simvoleon\lib\VolumeViz\misc\ResourceManager.cpp(99,62): warning C4311: 'type cast': pointer truncation from 'const void *' to 'unsigned long'
  Util.cpp
  VoxelChunk.cpp
  Generating Code...
C:\dl\WristVisualizer\Coin3D-simvoleon\lib\VolumeViz\misc\ResourceManager.cpp(99,62): warning C4302: 'type cast': truncation from 'const void *' to 'unsigned long'
  CvrFaceSetRenderP.cpp
  CvrIndexedFaceSetRenderP.cpp
  CvrIndexedSetRenderBaseP.cpp
  CvrIndexedTriangleStripSetRenderP.cpp
  CvrNonIndexedSetRenderBaseP.cpp
  CvrTriangleStripSetRenderP.cpp
  ObliqueSlice.cpp
  OrthoSlice.cpp
  TransferFunction.cpp
  VolumeData.cpp
C:\dl\WristVisualizer\Coin3D-simvoleon\lib\VolumeViz\nodes\VolumeData.cpp(498,32): warning C4838: conversion from 'short' to 'const unsigned int' requires a narrowing conversion
C:\dl\WristVisualizer\Coin3D-simvoleon\lib\VolumeViz\nodes\VolumeData.cpp(498,62): warning C4838: conversion from 'short' to 'const unsigned int' requires a narrowing conversion
C:\dl\WristVisualizer\Coin3D-simvoleon\lib\VolumeViz\nodes\VolumeData.cpp(498,93): warning C4838: conversion from 'short' to 'const unsigned int' requires a narrowing conversion
C:\dl\WristVisualizer\Coin3D-simvoleon\lib\VolumeViz\nodes\VolumeData.cpp(736,32): warning C4838: conversion from 'short' to 'const unsigned int' requires a narrowing conversion
C:\dl\WristVisualizer\Coin3D-simvoleon\lib\VolumeViz\nodes\VolumeData.cpp(736,62): warning C4838: conversion from 'short' to 'const unsigned int' requires a narrowing conversion
  VolumeFaceSet.cpp
  VolumeIndexedFaceSet.cpp
  VolumeIndexedTriangleStripSet.cpp
  volumeraypickintersection.cpp
  VolumeRender.cpp
  VolumeRendering.cpp
  VolumeSkin.cpp
  VolumeTriangleStripSet.cpp
  Generating Code...
C:\dl\WristVisualizer\Coin3D-simvoleon\lib\VolumeViz\nodes\VolumeData.cpp(736,93): warning C4838: conversion from 'short' to 'const unsigned int' requires a narrowing conversion
  VolumeReader.cpp
  VRMemReader.cpp
  VRVolFileReader.cpp
  Generating Code...
  2DTexPage.cpp
  2DTexSubPage.cpp
  PageHandler.cpp
  Generating Code...
  3DTexCube.cpp
  3DTexSubCube.cpp
  CubeHandler.cpp
  Generating Code...
  Cvr2DPaletteTexture.cpp
  Cvr2DRGBATexture.cpp
  Cvr3DPaletteGradientTexture.cpp
  Cvr3DPaletteTexture.cpp
  Cvr3DRGBATexture.cpp
  CvrPaletteTexture.cpp
  CvrRGBATexture.cpp
  CvrTextureObject.cpp
  Generating Code...
  PointRendering.cpp
  simvoleon2.vcxproj -> C:\dl\WristVisualizer\Coin3D-simvoleon\build\msvc9\x64\Debug\simvoleon2.lib
          1 file(s) copied.
